 Starting...

 CUDA Device Query (Runtime API) version (CUDART static linking)

Detected 1 CUDA Capable device(s)

Device 0: "GeForce GTX 1050 Ti"
  CUDA Driver Version / Runtime Version          10.2 / 10.2
  CUDA Capability Major/Minor version number:    6.1
  Total amount of global memory:                 4096 MBytes (4294967296 bytes)
  ( 6) Multiprocessors, (128) CUDA Cores/MP:     768 CUDA Cores
  GPU Max Clock rate:                            1620 MHz (1.62 GHz)
  Memory Clock rate:                             3504 Mhz
  Memory Bus Width:                              128-bit
  L2 Cache Size:                                 1048576 bytes
  Maximum Texture Dimension Size (x,y,z)         1D=(131072), 2D=(131072, 65536), 3D=(16384, 16384, 16384)
  Maximum Layered 1D Texture Size, (num) layers  1D=(32768), 2048 layers
  Maximum Layered 2D Texture Size, (num) layers  2D=(32768, 32768), 2048 layers
  Total amount of constant memory:               65536 bytes
  Total amount of shared memory per block:       49152 bytes
  Total number of registers available per block: 65536
  Warp size:                                     32
  Maximum number of threads per multiprocessor:  2048
  Maximum number of threads per block:           1024
  Max dimension size of a thread block (x,y,z): (1024, 1024, 64)
  Max dimension size of a grid size    (x,y,z): (2147483647, 65535, 65535)
  Maximum memory pitch:                          2147483647 bytes
  Texture alignment:                             512 bytes
  Concurrent copy and kernel execution:          Yes with 5 copy engine(s)
  Run time limit on kernels:                     Yes
  Integrated GPU sharing Host Memory:            No
  Support host page-locked memory mapping:       Yes
  Alignment requirement for Surfaces:            Yes
  Device has ECC support:                        Disabled
  CUDA Device Driver Mode (TCC or WDDM):         WDDM (Windows Display Driver Model)
  Device supports Unified Addressing (UVA):      Yes
  Device supports Compute Preemption:            Yes
  Supports Cooperative Kernel Launch:            No
  Supports MultiDevice Co-op Kernel Launch:      No
  Device PCI Domain ID / Bus ID / location ID:   0 / 1 / 0
  Compute Mode:
     < Default (multiple host threads can use ::cudaSetDevice() with device simultaneously) >

deviceQuery, CUDA Driver = CUDART, CUDA Driver Version = 10.2, CUDA Runtime Version = 10.2, NumDevs = 1
Result = PASS
---
add
Starting CPU operation...Finished
Starting GPU operations...
Time of double: 0.2484447211027145
Time of EP: 0.2479088902473450
Time of float: 0.1266578137874603
ULP of double: 0
ULP of EP: 27
ULP of float: 1261994780
Speed-up: 1.0021613836288452
---
sub
Starting CPU operation...Finished
Starting GPU operations...
Time of double: 0.2483966648578644
Time of EP: 0.2478653192520142
Time of float: 0.1265991628170013
ULP of double: 0
ULP of EP: 31
ULP of float: 1261017584
Speed-up: 1.0021437406539917
---
mul
Starting CPU operation...Finished
Starting GPU operations...
Time of double: 0.2484089583158493
Time of EP: 0.2479218691587448
Time of float: 0.1266962438821793
ULP of double: 0
ULP of EP: 7
ULP of float: 223221240
Speed-up: 1.0019646883010864
---
div
Starting CPU operation...Finished
Starting GPU operations...
Time of double: 0.2507664263248444
Time of EP: 0.2480188906192780
Time of float: 0.1269719302654266
ULP of double: 0
ULP of EP: 10
ULP of float: 223165127
Speed-up: 1.0110778808593750
---
pi
Time of double: 0.2437975853681564
Time of EP: 0.2377427667379379
Time of float: 0.0601929724216461
ULP of double: 0
ULP of EP: 5
ULP of float: 4614254404752795115
Speed-up: 1.0254679918289185