 Starting...

 CUDA Device Query (Runtime API) version (CUDART static linking)

Detected 1 CUDA Capable device(s)

Device 0: "GeForce GTX 1070"
  CUDA Driver Version / Runtime Version          11.0 / 10.2
  CUDA Capability Major/Minor version number:    6.1
  Total amount of global memory:                 8192 MBytes (8589934592 bytes)
  (15) Multiprocessors, (128) CUDA Cores/MP:     1920 CUDA Cores
  GPU Max Clock rate:                            1785 MHz (1.78 GHz)
  Memory Clock rate:                             4004 Mhz
  Memory Bus Width:                              256-bit
  L2 Cache Size:                                 2097152 bytes
  Maximum Texture Dimension Size (x,y,z)         1D=(131072), 2D=(131072, 65536), 3D=(16384, 16384, 16384)
  Maximum Layered 1D Texture Size, (num) layers  1D=(32768), 2048 layers
  Maximum Layered 2D Texture Size, (num) layers  2D=(32768, 32768), 2048 layers
  Total amount of constant memory:               65536 bytes
  Total amount of shared memory per block:       49152 bytes
  Total number of registers available per block: 65536
  Warp size:                                     32
  Maximum number of threads per multiprocessor:  2048
  Maximum number of threads per block:           1024
  Max dimension size of a thread block (x,y,z): (1024, 1024, 64)
  Max dimension size of a grid size    (x,y,z): (2147483647, 65535, 65535)
  Maximum memory pitch:                          2147483647 bytes
  Texture alignment:                             512 bytes
  Concurrent copy and kernel execution:          Yes with 2 copy engine(s)
  Run time limit on kernels:                     Yes
  Integrated GPU sharing Host Memory:            No
  Support host page-locked memory mapping:       Yes
  Alignment requirement for Surfaces:            Yes
  Device has ECC support:                        Disabled
  CUDA Device Driver Mode (TCC or WDDM):         WDDM (Windows Display Driver Model)
  Device supports Unified Addressing (UVA):      Yes
  Device supports Compute Preemption:            Yes
  Supports Cooperative Kernel Launch:            Yes
  Supports MultiDevice Co-op Kernel Launch:      No
  Device PCI Domain ID / Bus ID / location ID:   0 / 1 / 0
  Compute Mode:
     < Default (multiple host threads can use ::cudaSetDevice() with device simultaneously) >

deviceQuery, CUDA Driver = CUDART, CUDA Driver Version = 11.0, CUDA Runtime Version = 10.2, NumDevs = 1
Result = PASS
---
add
Starting CPU operation...Finished
Starting GPU operations...
Time of double: 0.1219144016504288
Time of EP: 0.1209804862737656
Time of float: 0.0621304698288441
ULP of double: 0
ULP of EP: 27
ULP of float: 1261994780
Speed-up: 1.0077195167541504
---
sub
Starting CPU operation...Finished
Starting GPU operations...
Time of double: 0.1219751983880997
Time of EP: 0.1210328340530396
Time of float: 0.0620962493121624
ULP of double: 0
ULP of EP: 31
ULP of float: 1261017584
Speed-up: 1.0077860355377197
---
mul
Starting CPU operation...Finished
Starting GPU operations...
Time of double: 0.1219515651464462
Time of EP: 0.1210400089621544
Time of float: 0.0620627552270889
ULP of double: 0
ULP of EP: 7
ULP of float: 223221240
Speed-up: 1.0075310468673706
---
div
Starting CPU operation...Finished
Starting GPU operations...
Time of double: 0.1228438988327980
Time of EP: 0.1211563050746918
Time of float: 0.0622308552265167
ULP of double: 0
ULP of EP: 10
ULP of float: 223165127
Speed-up: 1.0139290094375610
---
pi
Time of double: 0.2001334577798843
Time of EP: 0.2067800015211105
Time of float: 0.0530563779175282
ULP of double: 0
ULP of EP: 5
ULP of float: 4614254404752795115
Speed-up: 0.9678569436073303
Press any key to continue . . .