 Starting...

 CUDA Device Query (Runtime API) version (CUDART static linking)

Detected 1 CUDA Capable device(s)

Device 0: "GeForce RTX 2060"
  CUDA Driver Version / Runtime Version          11.0 / 10.2
  CUDA Capability Major/Minor version number:    7.5
  Total amount of global memory:                 6144 MBytes (6442450944 bytes)
  (30) Multiprocessors, ( 64) CUDA Cores/MP:     1920 CUDA Cores
  GPU Max Clock rate:                            1200 MHz (1.20 GHz)
  Memory Clock rate:                             7001 Mhz
  Memory Bus Width:                              192-bit
  L2 Cache Size:                                 3145728 bytes
  Maximum Texture Dimension Size (x,y,z)         1D=(131072), 2D=(131072, 65536), 3D=(16384, 16384, 16384)
  Maximum Layered 1D Texture Size, (num) layers  1D=(32768), 2048 layers
  Maximum Layered 2D Texture Size, (num) layers  2D=(32768, 32768), 2048 layers
  Total amount of constant memory:               65536 bytes
  Total amount of shared memory per block:       49152 bytes
  Total number of registers available per block: 65536
  Warp size:                                     32
  Maximum number of threads per multiprocessor:  1024
  Maximum number of threads per block:           1024
  Max dimension size of a thread block (x,y,z): (1024, 1024, 64)
  Max dimension size of a grid size    (x,y,z): (2147483647, 65535, 65535)
  Maximum memory pitch:                          2147483647 bytes
  Texture alignment:                             512 bytes
  Concurrent copy and kernel execution:          Yes with 6 copy engine(s)
  Run time limit on kernels:                     Yes
  Integrated GPU sharing Host Memory:            No
  Support host page-locked memory mapping:       Yes
  Alignment requirement for Surfaces:            Yes
  Device has ECC support:                        Disabled
  CUDA Device Driver Mode (TCC or WDDM):         WDDM (Windows Display Driver Model)
  Device supports Unified Addressing (UVA):      Yes
  Device supports Compute Preemption:            Yes
  Supports Cooperative Kernel Launch:            Yes
  Supports MultiDevice Co-op Kernel Launch:      No
  Device PCI Domain ID / Bus ID / location ID:   0 / 1 / 0
  Compute Mode:
     < Default (multiple host threads can use ::cudaSetDevice() with device simultaneously) >

deviceQuery, CUDA Driver = CUDART, CUDA Driver Version = 11.0, CUDA Runtime Version = 10.2, NumDevs = 1
Result = PASS
---
add
Starting CPU operation...Finished
Starting GPU operations...
Time of double: 0.0846378207206726
Time of EP: 0.0846538171172142
Time of float: 0.0434696227312088
ULP of double: 0
ULP of EP: 27
ULP of float: 1261994780
Speed-up: 0.9998110532760620
---
sub
Starting CPU operation...Finished
Starting GPU operations...
Time of double: 0.0845487564802170
Time of EP: 0.0851153209805489
Time of float: 0.0440962836146355
ULP of double: 0
ULP of EP: 31
ULP of float: 1261017584
Speed-up: 0.9933435916900635
---
mul
Starting CPU operation...Finished
Starting GPU operations...
Time of double: 0.0846043378114700
Time of EP: 0.0848762914538383
Time of float: 0.0439561046659946
ULP of double: 0
ULP of EP: 7
ULP of float: 223221240
Speed-up: 0.9967958927154541
---
div
Starting CPU operation...Finished
Starting GPU operations...
Time of double: 0.1033203452825546
Time of EP: 0.0856883972883224
Time of float: 0.0445257537066936
ULP of double: 0
ULP of EP: 10
ULP of float: 223165127
Speed-up: 1.2057682275772095
---
pi
Time of double: 0.2149884998798370
Time of EP: 0.1902830898761749
Time of float: 0.0503193102777004
ULP of double: 0
ULP of EP: 5
ULP of float: 4614254404752795115
Speed-up: 1.1298350095748901
Press any key to continue . . .