 Starting...

 CUDA Device Query (Runtime API) version (CUDART static linking)

Detected 1 CUDA Capable device(s)

Device 0: "GeForce GTX 960M"
  CUDA Driver Version / Runtime Version          10.2 / 10.2
  CUDA Capability Major/Minor version number:    5.0
  Total amount of global memory:                 4096 MBytes (4294967296 bytes)
  ( 5) Multiprocessors, (128) CUDA Cores/MP:     640 CUDA Cores
  GPU Max Clock rate:                            1176 MHz (1.18 GHz)
  Memory Clock rate:                             2505 Mhz
  Memory Bus Width:                              128-bit
  L2 Cache Size:                                 2097152 bytes
  Maximum Texture Dimension Size (x,y,z)         1D=(65536), 2D=(65536, 65536), 3D=(4096, 4096, 4096)
  Maximum Layered 1D Texture Size, (num) layers  1D=(16384), 2048 layers
  Maximum Layered 2D Texture Size, (num) layers  2D=(16384, 16384), 2048 layers
  Total amount of constant memory:               65536 bytes
  Total amount of shared memory per block:       49152 bytes
  Total number of registers available per block: 65536
  Warp size:                                     32
  Maximum number of threads per multiprocessor:  2048
  Maximum number of threads per block:           1024
  Max dimension size of a thread block (x,y,z): (1024, 1024, 64)
  Max dimension size of a grid size    (x,y,z): (2147483647, 65535, 65535)
  Maximum memory pitch:                          2147483647 bytes
  Texture alignment:                             512 bytes
  Concurrent copy and kernel execution:          Yes with 4 copy engine(s)
  Run time limit on kernels:                     Yes
  Integrated GPU sharing Host Memory:            No
  Support host page-locked memory mapping:       Yes
  Alignment requirement for Surfaces:            Yes
  Device has ECC support:                        Disabled
  CUDA Device Driver Mode (TCC or WDDM):         WDDM (Windows Display Driver Model)
  Device supports Unified Addressing (UVA):      Yes
  Device supports Compute Preemption:            No
  Supports Cooperative Kernel Launch:            No
  Supports MultiDevice Co-op Kernel Launch:      No
  Device PCI Domain ID / Bus ID / location ID:   0 / 2 / 0
  Compute Mode:
     < Default (multiple host threads can use ::cudaSetDevice() with device simultaneously) >

deviceQuery, CUDA Driver = CUDART, CUDA Driver Version = 10.2, CUDA Runtime Version = 10.2, NumDevs = 1
Result = PASS
---
add
Starting CPU operation...Finished
Starting GPU operations...
Time of double: 0.3534030020236969
Time of EP: 0.3525315225124359
Time of float: 0.1783377528190613
ULP of double: 0
ULP of EP: 27
ULP of float: 1261994780
Speed-up: 1.0024720430374146
---
sub
Starting CPU operation...Finished
Starting GPU operations...
Time of double: 0.3541399538516998
Time of EP: 0.3529616892337799
Time of float: 0.1780768036842346
ULP of double: 0
ULP of EP: 31
ULP of float: 1261017584
Speed-up: 1.0033382177352905
---
mul
Starting CPU operation...Finished
Starting GPU operations...
Time of double: 0.3540497124195099
Time of EP: 0.3531456291675568
Time of float: 0.1780720502138138
ULP of double: 0
ULP of EP: 7
ULP of float: 223221240
Speed-up: 1.0025601387023926
---
div
Starting CPU operation...Finished
Starting GPU operations...
Time of double: 0.3608100116252899
Time of EP: 0.3526930510997772
Time of float: 0.1787286847829819
ULP of double: 0
ULP of EP: 10
ULP of float: 223165127
Speed-up: 1.0230141878128052
---
pi
Time of double: 0.4404487013816833
Time of EP: 0.3523263931274414
Time of float: 0.0927633792161942
ULP of double: 0
ULP of EP: 5
ULP of float: 4614254404752795115
Speed-up: 1.2501155138015747
Press any key to continue . . .