nvcc: NVIDIA (R) Cuda compiler driver
Copyright (c) 2005-2017 NVIDIA Corporation
Built on Fri_Sep__1_21:08:03_CDT_2017
Cuda compilation tools, release 9.0, V9.0.176
x86_64
Cluster Manager v7.0
slave
LSB_VERSION=base-4.0-amd64:base-4.0-noarch:core-4.0-amd64:core-4.0-noarch:graphics-4.0-amd64:graphics-4.0-noarch:printing-4.0-amd64:printing-4.0-noarch
Scientific Linux release 6.9 (Carbon)
Scientific Linux release 6.9 (Carbon)
gcc (GCC) 4.9.3
Copyright (C) 2015 Free Software Foundation, Inc.
This is free software; see the source for copying conditions.  There is NO
warranty; not even for MERCHANTABILITY or FITNESS FOR A PARTICULAR PURPOSE.

2.6.32-696.18.7.el6.x86_64
 Starting...

 CUDA Device Query (Runtime API) version (CUDART static linking)

Detected 1 CUDA Capable device(s)

Device 0: "Tesla P100-PCIE-16GB"
  CUDA Driver Version / Runtime Version          9.1 / 9.0
  CUDA Capability Major/Minor version number:    6.0
  Total amount of global memory:                 16281 MBytes (17071734784 bytes)
  (56) Multiprocessors, ( 64) CUDA Cores/MP:     3584 CUDA Cores
  GPU Max Clock rate:                            1329 MHz (1.33 GHz)
  Memory Clock rate:                             715 Mhz
  Memory Bus Width:                              4096-bit
  L2 Cache Size:                                 4194304 bytes
  Maximum Texture Dimension Size (x,y,z)         1D=(131072), 2D=(131072, 65536), 3D=(16384, 16384, 16384)
  Maximum Layered 1D Texture Size, (num) layers  1D=(32768), 2048 layers
  Maximum Layered 2D Texture Size, (num) layers  2D=(32768, 32768), 2048 layers
  Total amount of constant memory:               65536 bytes
  Total amount of shared memory per block:       49152 bytes
  Total number of registers available per block: 65536
  Warp size:                                     32
  Maximum number of threads per multiprocessor:  2048
  Maximum number of threads per block:           1024
  Max dimension size of a thread block (x,y,z): (1024, 1024, 64)
  Max dimension size of a grid size    (x,y,z): (2147483647, 65535, 65535)
  Maximum memory pitch:                          2147483647 bytes
  Texture alignment:                             512 bytes
  Concurrent copy and kernel execution:          Yes with 2 copy engine(s)
  Run time limit on kernels:                     No
  Integrated GPU sharing Host Memory:            No
  Support host page-locked memory mapping:       Yes
  Alignment requirement for Surfaces:            Yes
  Device has ECC support:                        Enabled
  Device supports Unified Addressing (UVA):      Yes
  Device supports Compute Preemption:            Yes
  Supports Cooperative Kernel Launch:            Yes
  Supports MultiDevice Co-op Kernel Launch:      Yes
  Device PCI Domain ID / Bus ID / location ID:   0 / 3 / 0
  Compute Mode:
     < Default (multiple host threads can use ::cudaSetDevice() with device simultaneously) >

deviceQuery, CUDA Driver = CUDART, CUDA Driver Version = 9.1, CUDA Runtime Version = 9.0, NumDevs = 1
Result = PASS
---
add
Starting CPU operation...Finished
Starting GPU operations...
Time of double: 0.0468656942248344
Time of EP: 0.0534234978258610
Time of float: 0.0258831083774567
ULP of double:                                                                0
ULP of EP:                                                               26
ULP of float:                                                       3821431951
Speed-up: 0.8772487044334412
---
sub
Starting CPU operation...Finished
Starting GPU operations...
Time of double: 0.0468665659427643
Time of EP: 0.0534189753234386
Time of float: 0.0258830226957798
ULP of double:                                                                0
ULP of EP:                                                               55
ULP of float:                                                        934668132
Speed-up: 0.8773393034934998
---
mul
Starting CPU operation...Finished
Starting GPU operations...
Time of double: 0.0468669347465038
Time of EP: 0.0536071322858334
Time of float: 0.0258847977966070
ULP of double:                                                                0
ULP of EP:                                                                7
ULP of float:                                                        223519252
Speed-up: 0.8742668032646179
---
div
Starting CPU operation...Finished
Starting GPU operations...
Time of double: 0.0469690077006817
Time of EP: 0.0536629483103752
Time of float: 0.0261660497635603
ULP of double:                                                                0
ULP of EP:                                                               10
ULP of float:                                                        223054713
Speed-up: 0.8752595186233521
---
pi
Time of double: 0.0726969167590141
Time of EP: 0.2968722879886627
Time of float: 0.0775820761919022
ULP of double:                                                                0
ULP of EP:                                                                5
ULP of float:                                                        714237419
Speed-up: 0.2448760569095612

########################################################################
----------------------! Balena Job Details !----------------------------

JobID          : 2743066
No. of nodes   : 1
No. of CPUs    : 16
Timelimit      : 00:09:00
Elapsed time   : 00:01:45
Nodelist       : node-as-ngpu-006
Energy Used    : 13230.00 Joules

########################################################################

